<?xml version="1.0" encoding="UTF-8"?>
<testng-results ignored="0" total="1" passed="1" failed="0" skipped="0">
  <reporter-output>
  </reporter-output>
  <suite started-at="2022-08-11T15:05:49 EET" name="Test Web Application" finished-at="2022-08-11T15:06:06 EET" duration-ms="17520">
    <groups>
      <group name="smoke">
        <method signature="TestBase.startApplication()[pri:1, instance:test_cases.TestBase@53fdffa1]" name="startApplication" class="test_cases.TestBase"/>
      </group> <!-- smoke -->
    </groups>
    <test started-at="2022-08-11T15:05:49 EET" name="Test Home Page" finished-at="2022-08-11T15:06:06 EET" duration-ms="17520">
      <class name="test_cases.TestBase">
        <test-method is-config="true" signature="prepareClassProperties(java.lang.String)[pri:0, instance:test_cases.TestBase@53fdffa1]" started-at="2022-08-11T15:05:49 EET" name="prepareClassProperties" finished-at="2022-08-11T15:05:55 EET" duration-ms="6038" status="PASS">
          <params>
            <param index="0">
              <value>
                <![CDATA[Chrome]]>
              </value>
            </param>
          </params>
          <reporter-output>
          </reporter-output>
        </test-method> <!-- prepareClassProperties -->
        <test-method signature="startApplication()[pri:1, instance:test_cases.TestBase@53fdffa1]" started-at="2022-08-11T15:05:55 EET" name="startApplication" description="Start ITIDA Web App" finished-at="2022-08-11T15:06:05 EET" duration-ms="9726" status="PASS">
          <reporter-output>
          </reporter-output>
        </test-method> <!-- startApplication -->
        <test-method is-config="true" signature="tearDown()[pri:0, instance:test_cases.TestBase@53fdffa1]" started-at="2022-08-11T15:06:05 EET" name="tearDown" finished-at="2022-08-11T15:06:06 EET" duration-ms="1686" status="PASS">
          <reporter-output>
          </reporter-output>
        </test-method> <!-- tearDown -->
      </class> <!-- test_cases.TestBase -->
    </test> <!-- Test Home Page -->
  </suite> <!-- Test Web Application -->
</testng-results>
